<?xml version="1.0" encoding="UTF-8"?>
<testsuites name="TS LOGIN VALID" time="8.634" tests="2" failures="0" errors="0">
   <testsuite name="TS LOGIN VALID" tests="2" failures="0" errors="0" time="8.634" skipped="0" timestamp="2023-05-23 17:55:35" hostname="Rio Tamara - DESKTOP-4V6280S" id="Test Suites/TS LOGIN VALID">
      <properties>
         <property name="deviceName" value=""/>
         <property name="devicePlatform" value=""/>
         <property name="logFolder" value="E:\\Sahassa\\DBS REGLA\\Katalon Test Script\\DBS REGLA\\DBS-REGLA-TESTCASE\\Reports\\20230523_175532\\TS LOGIN VALID\\20230523_175532"/>
         <property name="logFiles" value="E:\\Sahassa\\DBS REGLA\\Katalon Test Script\\DBS REGLA\\DBS-REGLA-TESTCASE\\Reports\\20230523_175532\\TS LOGIN VALID\\20230523_175532\\execution0.log"/>
         <property name="attachments" value=""/>
         <property name="hostName" value="Rio Tamara - DESKTOP-4V6280S"/>
         <property name="os" value="Windows 10 64bit"/>
         <property name="katalonVersion" value="8.6.0.208"/>
         <property name="browser" value="Chrome 113.0.0.0"/>
         <property name="hostAddress" value="192.168.246.1"/>
         <property name="sessionId" value="e07ed6563dee61dd7dbce382e7770938"/>
         <property name="seleniumVersion" value="3.141.59"/>
         <property name="proxyInformation" value="ProxyInformation { proxyOption=NO_PROXY, proxyServerType=HTTP, username=, password=********, proxyServerAddress=, proxyServerPort=0, executionList=&quot;&quot;, isApplyToDesiredCapabilities=true }"/>
         <property name="platform" value="Windows 10"/>
      </properties>
      <testcase name="Test Cases/Login/TC.REGLA.LOGIN.003" time="6.114" classname="Test Cases/Login/TC.REGLA.LOGIN.003" status="PASSED">
         <system-out><![CDATA[2023-05-23 17:55:35 - [TEST_CASE][PASSED] - Test Cases/Login/TC.REGLA.LOGIN.003: Test Cases/Login/TC.REGLA.LOGIN.003

2023-05-23 17:55:35 - [TEST_STEP][PASSED] - openBrowser(""): Browser is opened with url: ''

2023-05-23 17:55:36 - [MESSAGE][INFO] - Starting 'Chrome' driver

2023-05-23 17:55:36 - [MESSAGE][INFO] - Action delay is set to 0 milliseconds

2023-05-23 17:55:38 - [MESSAGE][PASSED] - Browser is opened with url: ''

2023-05-23 17:55:38 - [TEST_STEP][PASSED] - navigateToUrl("https://shsdev-rw.southeastasia.cloudapp.azure.com:8082/login?to=/login"): Navigate to 'https://shsdev-rw.southeastasia.cloudapp.azure.com:8082/login?to=/login' successfully

2023-05-23 17:55:39 - [MESSAGE][PASSED] - Navigate to 'https://shsdev-rw.southeastasia.cloudapp.azure.com:8082/login?to=/login' successfully

2023-05-23 17:55:39 - [TEST_STEP][PASSED] - click(findTestObject("Object Repository/LOGIN/Username Password/USERNAME PASSWORD VALID/input_Please login to your account_p-inputt_ee1a72")): Object: 'Object Repository/LOGIN/Username Password/USERNAME PASSWORD VALID/input_Please login to your account_p-inputt_ee1a72' is clicked on

2023-05-23 17:55:40 - [MESSAGE][PASSED] - Object: 'Object Repository/LOGIN/Username Password/USERNAME PASSWORD VALID/input_Please login to your account_p-inputt_ee1a72' is clicked on

2023-05-23 17:55:40 - [TEST_STEP][PASSED] - setText(findTestObject("Object Repository/LOGIN/Username Password/USERNAME PASSWORD VALID/input_Please login to your account_p-inputt_839be9"), "rio04"): Text 'rio04' is set on object 'Object Repository/LOGIN/Username Password/USERNAME PASSWORD VALID/input_Please login to your account_p-inputt_839be9'

2023-05-23 17:55:40 - [MESSAGE][PASSED] - Text 'rio04' is set on object 'Object Repository/LOGIN/Username Password/USERNAME PASSWORD VALID/input_Please login to your account_p-inputt_839be9'

2023-05-23 17:55:40 - [TEST_STEP][PASSED] - setEncryptedText(findTestObject("Object Repository/LOGIN/Username Password/USERNAME PASSWORD VALID/input_Username_p-inputtext p-component p-filled"), "6QjJ2wt5F0PN5KX+Gomc+A=="): Text ****** has been set on object 'Object Repository/LOGIN/Username Password/USERNAME PASSWORD VALID/input_Username_p-inputtext p-component p-filled'

2023-05-23 17:55:41 - [MESSAGE][PASSED] - Text ****** has been set on object 'Object Repository/LOGIN/Username Password/USERNAME PASSWORD VALID/input_Username_p-inputtext p-component p-filled'

2023-05-23 17:55:41 - [TEST_STEP][PASSED] - click(findTestObject("Object Repository/LOGIN/Username Password/USERNAME PASSWORD VALID/span_LOGIN")): Object: 'Object Repository/LOGIN/Username Password/USERNAME PASSWORD VALID/span_LOGIN' is clicked on

2023-05-23 17:55:41 - [MESSAGE][PASSED] - Object: 'Object Repository/LOGIN/Username Password/USERNAME PASSWORD VALID/span_LOGIN' is clicked on]]></system-out>
         <system-err><![CDATA[]]></system-err>
      </testcase>
      <testcase name="Test Cases/Login/TC.REGLA.LOGOUT.001" time="2.218" classname="Test Cases/Login/TC.REGLA.LOGOUT.001" status="PASSED">
         <system-out><![CDATA[2023-05-23 17:55:41 - [TEST_CASE][PASSED] - Test Cases/Login/TC.REGLA.LOGOUT.001: Test Cases/Login/TC.REGLA.LOGOUT.001

2023-05-23 17:55:42 - [TEST_STEP][PASSED] - click(findTestObject("Object Repository/LOGOUT/URL LOGOUT/span_R")): Object: 'Object Repository/LOGOUT/URL LOGOUT/span_R' is clicked on

2023-05-23 17:55:42 - [MESSAGE][PASSED] - Object: 'Object Repository/LOGOUT/URL LOGOUT/span_R' is clicked on

2023-05-23 17:55:42 - [TEST_STEP][PASSED] - click(findTestObject("Object Repository/LOGOUT/URL LOGOUT/span_Logout")): Object: 'Object Repository/LOGOUT/URL LOGOUT/span_Logout' is clicked on

2023-05-23 17:55:43 - [MESSAGE][PASSED] - Object: 'Object Repository/LOGOUT/URL LOGOUT/span_Logout' is clicked on

2023-05-23 17:55:43 - [TEST_STEP][PASSED] - closeBrowser(): Browser is closed

2023-05-23 17:55:43 - [MESSAGE][PASSED] - Browser is closed]]></system-out>
         <system-err><![CDATA[]]></system-err>
      </testcase>
      <system-out><![CDATA[2023-05-23 17:55:35 - [TEST_SUITE][PASSED] - TS LOGIN VALID: Test Cases/Login/TC.REGLA.LOGOUT.001]]></system-out>
      <system-err><![CDATA[]]></system-err>
   </testsuite>
</testsuites>
